Build started 11/27/2016 11:57:39 AM.
     1>Project "C:\Users\Derek\Documents\Visual Studio 2013\Projects\AH_Vision\AH_Vision\AH_Vision.vcxproj" on node 2 (Build target(s)).
     1>ClCompile:
         C:\Program Files (x86)\Microsoft Visual Studio 12.0\VC\bin\x86_amd64\CL.exe /c /I"C:\Users\Derek\Documents\Visual Studio 2013\Projects\AH_Vision\serial" /IC:\Users\Derek\Documents\opencv\build\\include /Zi /nologo /W3 /WX- /sdl /Od /D WIN32 /D _DEBUG /D _CONSOLE /D _LIB /D _MBCS /Gm /EHsc /RTC1 /MDd /GS /fp:precise /Zc:wchar_t /Zc:forScope /Yu"stdafx.h" /Fp"x64\Debug\AH_Vision.pch" /Fo"x64\Debug\\" /Fd"x64\Debug\vc120.pdb" /Gd /TP /errorReport:prompt AH_Vision.cpp
         AH_Vision.cpp
     1>AH_Vision.cpp(144): warning C4244: 'argument' : conversion from 'float' to 'int', possible loss of data
     1>AH_Vision.cpp(153): warning C4244: '=' : conversion from 'float' to 'int', possible loss of data
     1>AH_Vision.cpp(313): warning C4244: '=' : conversion from 'float' to 'int', possible loss of data
     1>AH_Vision.cpp(318): warning C4244: '=' : conversion from 'float' to 'int', possible loss of data
     1>AH_Vision.cpp(324): warning C4244: '=' : conversion from 'float' to 'int', possible loss of data
     1>AH_Vision.cpp(331): warning C4244: '=' : conversion from 'float' to 'int', possible loss of data
     1>AH_Vision.cpp(336): warning C4244: '=' : conversion from 'float' to 'int', possible loss of data
     1>AH_Vision.cpp(297): warning C4101: 'pred_y' : unreferenced local variable
       Link:
         C:\Program Files (x86)\Microsoft Visual Studio 12.0\VC\bin\x86_amd64\link.exe /ERRORREPORT:PROMPT /OUT:"C:\Users\Derek\Documents\Visual Studio 2013\Projects\AH_Vision\x64\Debug\AH_Vision.exe" /INCREMENTAL /NOLOGO /LIBPATH:C:\Users\Derek\Documents\opencv\build\\x64\vc12\lib opencv_calib3d2413d.lib opencv_contrib2413d.lib opencv_core2413d.lib opencv_features2d2413d.lib opencv_flann2413d.lib opencv_gpu2413d.lib opencv_highgui2413d.lib opencv_imgproc2413d.lib opencv_legacy2413d.lib opencv_ml2413d.lib opencv_nonfree2413d.lib opencv_objdetect2413d.lib opencv_photo2413d.lib opencv_stitching2413d.lib opencv_superres2413d.lib opencv_ts2413d.lib opencv_video2413d.lib opencv_videostab2413d.lib kernel32.lib user32.lib gdi32.lib winspool.lib comdlg32.lib advapi32.lib shell32.lib ole32.lib oleaut32.lib uuid.lib odbc32.lib odbccp32.lib /MANIFEST /MANIFESTUAC:"level='asInvoker' uiAccess='false'" /manifest:embed /DEBUG /PDB:"C:\Users\Derek\Documents\Visual Studio 2013\Projects\AH_Vision\x64\Debug\AH_Vision.pdb" /SUBSYSTEM:CONSOLE /TLBID:1 /DYNAMICBASE /NXCOMPAT /IMPLIB:"C:\Users\Derek\Documents\Visual Studio 2013\Projects\AH_Vision\x64\Debug\AH_Vision.lib" /MACHINE:X64 x64\Debug\tserial.obj
         x64\Debug\AH_Vision.obj
         x64\Debug\stdafx.obj
         AH_Vision.vcxproj -> C:\Users\Derek\Documents\Visual Studio 2013\Projects\AH_Vision\x64\Debug\AH_Vision.exe
     1>Done Building Project "C:\Users\Derek\Documents\Visual Studio 2013\Projects\AH_Vision\AH_Vision\AH_Vision.vcxproj" (Build target(s)).

Build succeeded.

Time Elapsed 00:00:03.24
